#
# There is insufficient memory for the Java Runtime Environment to continue.
# Native memory allocation (mmap) failed to map 287309824 bytes for committing reserved memory.
# Possible reasons:
#   The system is out of physical RAM or swap space
#   In 32 bit mode, the process size limit was hit
# Possible solutions:
#   Reduce memory load on the system
#   Increase physical memory or swap space
#   Check if swap backing store is full
#   Use 64 bit Java on a 64 bit OS
#   Decrease Java heap size (-Xmx/-Xms)
#   Decrease number of Java threads
#   Decrease Java thread stack sizes (-Xss)
#   Set larger code cache with -XX:ReservedCodeCacheSize=
# This output file may be truncated or incomplete.
#
#  Out of Memory Error (os_linux.cpp:2643), pid=22339, tid=0x00007f3f36057700
#
# JRE version: OpenJDK Runtime Environment (8.0_131-b11) (build 1.8.0_131-8u131-b11-0ubuntu1.16.04.2-b11)
# Java VM: OpenJDK 64-Bit Server VM (25.131-b11 mixed mode linux-amd64 compressed oops)
# Failed to write core dump. Core dumps have been disabled. To enable core dumping, try "ulimit -c unlimited" before starting Java again
#

---------------  T H R E A D  ---------------

Current thread (0x00007f3f54077800):  VMThread [stack: 0x00007f3f35f57000,0x00007f3f36058000] [id=22356]

Stack: [0x00007f3f35f57000,0x00007f3f36058000],  sp=0x00007f3f360564c0,  free space=1021k
Native frames: (J=compiled Java code, j=interpreted, Vv=VM code, C=native code)
V  [libjvm.so+0xa673eb]
V  [libjvm.so+0x4c3bec]
V  [libjvm.so+0x8b58a0]
V  [libjvm.so+0x8afd1e]
V  [libjvm.so+0x92a856]
V  [libjvm.so+0x92bb83]
V  [libjvm.so+0x928233]
V  [libjvm.so+0x9284fc]
V  [libjvm.so+0x8da393]
V  [libjvm.so+0xa690a2]
V  [libjvm.so+0xa6e187]
V  [libjvm.so+0xa6b957]
V  [libjvm.so+0xa6cddf]
V  [libjvm.so+0xa6d2d1]
V  [libjvm.so+0x8b2d82]

VM_Operation (0x00007f3f5bdd3640): ParallelGCFailedAllocation, mode: safepoint, requested by thread 0x00007f3f5400a800


---------------  P R O C E S S  ---------------

Java Threads: ( => current thread )
  0x00007f3f540c2800 JavaThread "Service Thread" daemon [_thread_blocked, id=22388, stack(0x00007f3f353f9000,0x00007f3f354fa000)]
  0x00007f3f540b3000 JavaThread "C1 CompilerThread2" daemon [_thread_blocked, id=22387, stack(0x00007f3f354fa000,0x00007f3f355fb000)]
  0x00007f3f540b1800 JavaThread "C2 CompilerThread1" daemon [_thread_blocked, id=22386, stack(0x00007f3f355fb000,0x00007f3f356fc000)]
  0x00007f3f540ae800 JavaThread "C2 CompilerThread0" daemon [_thread_blocked, id=22385, stack(0x00007f3f356fc000,0x00007f3f357fd000)]
  0x00007f3f540ac800 JavaThread "Signal Dispatcher" daemon [_thread_blocked, id=22383, stack(0x00007f3f357fd000,0x00007f3f358fe000)]
  0x00007f3f54084000 JavaThread "Finalizer" daemon [_thread_blocked, id=22373, stack(0x00007f3f35d55000,0x00007f3f35e56000)]
  0x00007f3f5407f800 JavaThread "Reference Handler" daemon [_thread_blocked, id=22365, stack(0x00007f3f35e56000,0x00007f3f35f57000)]
  0x00007f3f5400a800 JavaThread "main" [_thread_blocked, id=22343, stack(0x00007f3f5bcd4000,0x00007f3f5bdd5000)]

Other Threads:
=>0x00007f3f54077800 VMThread [stack: 0x00007f3f35f57000,0x00007f3f36058000] [id=22356]
  0x00007f3f540c5000 WatcherThread [stack: 0x00007f3f352f8000,0x00007f3f353f9000] [id=22389]

VM state:at safepoint (normal execution)

VM Mutex/Monitor currently owned by a thread:  ([mutex/lock_event])
[0x00007f3f540068f0] Threads_lock - owner thread: 0x00007f3f54077800
[0x00007f3f54006df0] Heap_lock - owner thread: 0x00007f3f5400a800

Heap:
 PSYoungGen      total 268288K, used 10208K [0x000000076d000000, 0x000000077e000000, 0x00000007c0000000)
  eden space 258048K, 0% used [0x000000076d000000,0x000000076d000000,0x000000077cc00000)
  from space 10240K, 99% used [0x000000077cc00000,0x000000077d5f80e0,0x000000077d600000)
  to   space 10240K, 0% used [0x000000077d600000,0x000000077d600000,0x000000077e000000)
 ParOldGen       total 171008K, used 11690K [0x00000006c7000000, 0x00000006d1700000, 0x000000076d000000)
  object space 171008K, 6% used [0x00000006c7000000,0x00000006c7b6ab70,0x00000006d1700000)
 Metaspace       used 4069K, capacity 4824K, committed 4992K, reserved 1056768K
  class space    used 450K, capacity 514K, committed 640K, reserved 1048576K

Card table byte_map: [0x00007f3f44837000,0x00007f3f45000000] byte_map_base: 0x00007f3f411ff000

Marking Bits: (ParMarkBitMap*) 0x00007f3f5afab260
 Begin Bits: [0x00007f3f28380000, 0x00007f3f2c1c0000)
 End Bits:   [0x00007f3f2c1c0000, 0x00007f3f30000000)

Polling page: 0x00007f3f5bdfd000

CodeCache: size=245760Kb used=2122Kb max_used=2135Kb free=243637Kb
 bounds [0x00007f3f45000000, 0x00007f3f45270000, 0x00007f3f54000000]
 total_blobs=737 nmethods=476 adapters=176
 compilation: enabled

Compilation events (10 events):
Event: 2,099 Thread 0x00007f3f540b3000  474       3       java.util.HashMap::hash (20 bytes)
Event: 2,099 Thread 0x00007f3f540b3000 nmethod 474 0x00007f3f4520fed0 code [0x00007f3f45210040, 0x00007f3f45210288]
Event: 2,099 Thread 0x00007f3f540ae800  475       4       Search$$Lambda$8/189568618::get$Lambda (9 bytes)
Event: 2,100 Thread 0x00007f3f540ae800 nmethod 475 0x00007f3f451fe3d0 code [0x00007f3f451fe520, 0x00007f3f451fe5f8]
Event: 2,100 Thread 0x00007f3f540ae800  476       4       java.util.stream.ReferencePipeline::allMatch (18 bytes)
Event: 2,111 Thread 0x00007f3f540b1800  477       4       java.util.stream.MatchOps$$Lambda$9/1922154895::get (12 bytes)
Event: 2,112 Thread 0x00007f3f540b1800 nmethod 477 0x00007f3f4520fb10 code [0x00007f3f4520fc60, 0x00007f3f4520fd78]
Event: 2,112 Thread 0x00007f3f540b3000  478       3       java.util.HashMap$Node::<init> (26 bytes)
Event: 2,113 Thread 0x00007f3f540b3000 nmethod 478 0x00007f3f452150d0 code [0x00007f3f45215240, 0x00007f3f45215430]
Event: 2,155 Thread 0x00007f3f540ae800 nmethod 476 0x00007f3f45215510 code [0x00007f3f45215780, 0x00007f3f45216248]

GC Heap History (9 events):
Event: 0,819 GC heap before
{Heap before GC invocations=1 (full 0):
 PSYoungGen      total 74752K, used 64512K [0x000000076d000000, 0x0000000772300000, 0x00000007c0000000)
  eden space 64512K, 100% used [0x000000076d000000,0x0000000770f00000,0x0000000770f00000)
  from space 10240K, 0% used [0x0000000771900000,0x0000000771900000,0x0000000772300000)
  to   space 10240K, 0% used [0x0000000770f00000,0x0000000770f00000,0x0000000771900000)
 ParOldGen       total 171008K, used 0K [0x00000006c7000000, 0x00000006d1700000, 0x000000076d000000)
  object space 171008K, 0% used [0x00000006c7000000,0x00000006c7000000,0x00000006d1700000)
 Metaspace       used 4066K, capacity 4824K, committed 4992K, reserved 1056768K
  class space    used 450K, capacity 514K, committed 640K, reserved 1048576K
Event: 0,843 GC heap after
Heap after GC invocations=1 (full 0):
 PSYoungGen      total 74752K, used 3184K [0x000000076d000000, 0x0000000776200000, 0x00000007c0000000)
  eden space 64512K, 0% used [0x000000076d000000,0x000000076d000000,0x0000000770f00000)
  from space 10240K, 31% used [0x0000000770f00000,0x000000077121c010,0x0000000771900000)
  to   space 10240K, 0% used [0x0000000775800000,0x0000000775800000,0x0000000776200000)
 ParOldGen       total 171008K, used 0K [0x00000006c7000000, 0x00000006d1700000, 0x000000076d000000)
  object space 171008K, 0% used [0x00000006c7000000,0x00000006c7000000,0x00000006d1700000)
 Metaspace       used 4066K, capacity 4824K, committed 4992K, reserved 1056768K
  class space    used 450K, capacity 514K, committed 640K, reserved 1048576K
}
Event: 1,049 GC heap before
{Heap before GC invocations=2 (full 0):
 PSYoungGen      total 74752K, used 67696K [0x000000076d000000, 0x0000000776200000, 0x00000007c0000000)
  eden space 64512K, 100% used [0x000000076d000000,0x0000000770f00000,0x0000000770f00000)
  from space 10240K, 31% used [0x0000000770f00000,0x000000077121c010,0x0000000771900000)
  to   space 10240K, 0% used [0x0000000775800000,0x0000000775800000,0x0000000776200000)
 ParOldGen       total 171008K, used 0K [0x00000006c7000000, 0x00000006d1700000, 0x000000076d000000)
  object space 171008K, 0% used [0x00000006c7000000,0x00000006c7000000,0x00000006d1700000)
 Metaspace       used 4067K, capacity 4824K, committed 4992K, reserved 1056768K
  class space    used 450K, capacity 514K, committed 640K, reserved 1048576K
Event: 1,068 GC heap after
Heap after GC invocations=2 (full 0):
 PSYoungGen      total 139264K, used 5108K [0x000000076d000000, 0x0000000776200000, 0x00000007c0000000)
  eden space 129024K, 0% used [0x000000076d000000,0x000000076d000000,0x0000000774e00000)
  from space 10240K, 49% used [0x0000000775800000,0x0000000775cfd288,0x0000000776200000)
  to   space 10240K, 0% used [0x0000000774e00000,0x0000000774e00000,0x0000000775800000)
 ParOldGen       total 171008K, used 0K [0x00000006c7000000, 0x00000006d1700000, 0x000000076d000000)
  object space 171008K, 0% used [0x00000006c7000000,0x00000006c7000000,0x00000006d1700000)
 Metaspace       used 4067K, capacity 4824K, committed 4992K, reserved 1056768K
  class space    used 450K, capacity 514K, committed 640K, reserved 1048576K
}
Event: 1,950 GC heap before
{Heap before GC invocations=3 (full 0):
 PSYoungGen      total 139264K, used 134132K [0x000000076d000000, 0x0000000776200000, 0x00000007c0000000)
  eden space 129024K, 100% used [0x000000076d000000,0x0000000774e00000,0x0000000774e00000)
  from space 10240K, 49% used [0x0000000775800000,0x0000000775cfd288,0x0000000776200000)
  to   space 10240K, 0% used [0x0000000774e00000,0x0000000774e00000,0x0000000775800000)
 ParOldGen       total 171008K, used 0K [0x00000006c7000000, 0x00000006d1700000, 0x000000076d000000)
  object space 171008K, 0% used [0x00000006c7000000,0x00000006c7000000,0x00000006d1700000)
 Metaspace       used 4067K, capacity 4824K, committed 4992K, reserved 1056768K
  class space    used 450K, capacity 514K, committed 640K, reserved 1048576K
Event: 1,976 GC heap after
Heap after GC invocations=3 (full 0):
 PSYoungGen      total 139264K, used 9478K [0x000000076d000000, 0x000000077e000000, 0x00000007c0000000)
  eden space 129024K, 0% used [0x000000076d000000,0x000000076d000000,0x0000000774e00000)
  from space 10240K, 92% used [0x0000000774e00000,0x0000000775741bb8,0x0000000775800000)
  to   space 10240K, 0% used [0x000000077d600000,0x000000077d600000,0x000000077e000000)
 ParOldGen       total 171008K, used 0K [0x00000006c7000000, 0x00000006d1700000, 0x000000076d000000)
  object space 171008K, 0% used [0x00000006c7000000,0x00000006c7000000,0x00000006d1700000)
 Metaspace       used 4067K, capacity 4824K, committed 4992K, reserved 1056768K
  class space    used 450K, capacity 514K, committed 640K, reserved 1048576K
}
Event: 2,773 GC heap before
{Heap before GC invocations=4 (full 0):
 PSYoungGen      total 139264K, used 138502K [0x000000076d000000, 0x000000077e000000, 0x00000007c0000000)
  eden space 129024K, 100% used [0x000000076d000000,0x0000000774e00000,0x0000000774e00000)
  from space 10240K, 92% used [0x0000000774e00000,0x0000000775741bb8,0x0000000775800000)
  to   space 10240K, 0% used [0x000000077d600000,0x000000077d600000,0x000000077e000000)
 ParOldGen       total 171008K, used 0K [0x00000006c7000000, 0x00000006d1700000, 0x000000076d000000)
  object space 171008K, 0% used [0x00000006c7000000,0x00000006c7000000,0x00000006d1700000)
 Metaspace       used 4069K, capacity 4824K, committed 4992K, reserved 1056768K
  class space    used 450K, capacity 514K, committed 640K, reserved 1048576K
Event: 2,921 GC heap after
Heap after GC invocations=4 (full 0):
 PSYoungGen      total 268288K, used 10237K [0x000000076d000000, 0x000000077e000000, 0x00000007c0000000)
  eden space 258048K, 0% used [0x000000076d000000,0x000000076d000000,0x000000077cc00000)
  from space 10240K, 99% used [0x000000077d600000,0x000000077dfff760,0x000000077e000000)
  to   space 10240K, 0% used [0x000000077cc00000,0x000000077cc00000,0x000000077d600000)
 ParOldGen       total 171008K, used 3608K [0x00000006c7000000, 0x00000006d1700000, 0x000000076d000000)
  object space 171008K, 2% used [0x00000006c7000000,0x00000006c7386000,0x00000006d1700000)
 Metaspace       used 4069K, capacity 4824K, committed 4992K, reserved 1056768K
  class space    used 450K, capacity 514K, committed 640K, reserved 1048576K
}
Event: 3,719 GC heap before
{Heap before GC invocations=5 (full 0):
 PSYoungGen      total 268288K, used 268285K [0x000000076d000000, 0x000000077e000000, 0x00000007c0000000)
  eden space 258048K, 100% used [0x000000076d000000,0x000000077cc00000,0x000000077cc00000)
  from space 10240K, 99% used [0x000000077d600000,0x000000077dfff760,0x000000077e000000)
  to   space 10240K, 0% used [0x000000077cc00000,0x000000077cc00000,0x000000077d600000)
 ParOldGen       total 171008K, used 3608K [0x00000006c7000000, 0x00000006d1700000, 0x000000076d000000)
  object space 171008K, 2% used [0x00000006c7000000,0x00000006c7386000,0x00000006d1700000)
 Metaspace       used 4069K, capacity 4824K, committed 4992K, reserved 1056768K
  class space    used 450K, capacity 514K, committed 640K, reserved 1048576K

Deoptimization events (9 events):
Event: 0,718 Thread 0x00007f3f5400a800 Uncommon trap: reason=class_check action=maybe_recompile pc=0x00007f3f451d6004 method=MoveTable.createMoveTable(ILCoordinateMove;)V @ 76
Event: 0,723 Thread 0x00007f3f5400a800 Uncommon trap: reason=class_check action=maybe_recompile pc=0x00007f3f451d6004 method=MoveTable.createMoveTable(ILCoordinateMove;)V @ 76
Event: 0,727 Thread 0x00007f3f5400a800 Uncommon trap: reason=class_check action=maybe_recompile pc=0x00007f3f451d6004 method=MoveTable.createMoveTable(ILCoordinateMove;)V @ 76
Event: 0,731 Thread 0x00007f3f5400a800 Uncommon trap: reason=class_check action=maybe_recompile pc=0x00007f3f451d6004 method=MoveTable.createMoveTable(ILCoordinateMove;)V @ 76
Event: 1,163 Thread 0x00007f3f5400a800 Uncommon trap: reason=unstable_if action=reinterpret pc=0x00007f3f451f5f00 method=java.util.Spliterators$ArraySpliterator.tryAdvance(Ljava/util/function/Consumer;)Z @ 27
Event: 1,179 Thread 0x00007f3f5400a800 Uncommon trap: reason=unstable_if action=reinterpret pc=0x00007f3f451d8fb8 method=PruningTable.computePruningTable(ILMoveTable;Ljava/util/Collection;)V @ 100
Event: 1,179 Thread 0x00007f3f5400a800 Uncommon trap: reason=unstable_if action=reinterpret pc=0x00007f3f451d3160 method=PruningTable.computePruningTable(ILMoveTable;Ljava/util/Collection;)V @ 120
Event: 2,090 Thread 0x00007f3f5400a800 Uncommon trap: reason=unstable_if action=reinterpret pc=0x00007f3f451ea594 method=java.util.Spliterators$ArraySpliterator.tryAdvance(Ljava/util/function/Consumer;)Z @ 27
Event: 2,090 Thread 0x00007f3f5400a800 Uncommon trap: reason=unstable_if action=reinterpret pc=0x00007f3f451e5d44 method=java.util.Spliterators$ArraySpliterator.tryAdvance(Ljava/util/function/Consumer;)Z @ 27

Internal exceptions (4 events):
Event: 0,039 Thread 0x00007f3f5400a800 Exception <a 'java/lang/NoSuchMethodError': Method sun.misc.Unsafe.defineClass(Ljava/lang/String;[BII)Ljava/lang/Class; name or signature does not match> (0x000000076d007ca8) thrown at [/build/openjdk-8-VTMhfL/openjdk-8-8u131-b11/src/hotspot/src/share/vm/
Event: 0,039 Thread 0x00007f3f5400a800 Exception <a 'java/lang/NoSuchMethodError': Method sun.misc.Unsafe.prefetchRead(Ljava/lang/Object;J)V name or signature does not match> (0x000000076d007f90) thrown at [/build/openjdk-8-VTMhfL/openjdk-8-8u131-b11/src/hotspot/src/share/vm/prims/jni.cpp, lin
Event: 0,267 Thread 0x00007f3f5400a800 Exception <a 'java/lang/NoSuchFieldError': method resolution failed> (0x000000076d299958) thrown at [/build/openjdk-8-VTMhfL/openjdk-8-8u131-b11/src/hotspot/src/share/vm/prims/methodHandles.cpp, line 1146]
Event: 0,279 Thread 0x00007f3f5400a800 Exception <a 'java/lang/NoSuchFieldError': method resolution failed> (0x000000076d2a6d88) thrown at [/build/openjdk-8-VTMhfL/openjdk-8-8u131-b11/src/hotspot/src/share/vm/prims/methodHandles.cpp, line 1146]

Events (10 events):
Event: 1,976 Executing VM operation: ParallelGCFailedAllocation done
Event: 2,090 Thread 0x00007f3f5400a800 Uncommon trap: trap_request=0xffffff65 fr.pc=0x00007f3f451ea594
Event: 2,090 Thread 0x00007f3f5400a800 DEOPT PACKING pc=0x00007f3f451ea594 sp=0x00007f3f5bdd3620
Event: 2,090 Thread 0x00007f3f5400a800 DEOPT UNPACKING pc=0x00007f3f45004f69 sp=0x00007f3f5bdd3450 mode 2
Event: 2,090 Thread 0x00007f3f5400a800 Uncommon trap: trap_request=0xffffff65 fr.pc=0x00007f3f451e5d44
Event: 2,090 Thread 0x00007f3f5400a800 DEOPT PACKING pc=0x00007f3f451e5d44 sp=0x00007f3f5bdd3590
Event: 2,090 Thread 0x00007f3f5400a800 DEOPT UNPACKING pc=0x00007f3f45004f69 sp=0x00007f3f5bdd3440 mode 2
Event: 2,773 Executing VM operation: ParallelGCFailedAllocation
Event: 2,921 Executing VM operation: ParallelGCFailedAllocation done
Event: 3,719 Executing VM operation: ParallelGCFailedAllocation


Dynamic libraries:
00400000-00401000 r-xp 00000000 103:03 25700196                          /usr/lib/jvm/java-8-openjdk-amd64/jre/bin/java
00600000-00601000 r--p 00000000 103:03 25700196                          /usr/lib/jvm/java-8-openjdk-amd64/jre/bin/java
00601000-00602000 rw-p 00001000 103:03 25700196                          /usr/lib/jvm/java-8-openjdk-amd64/jre/bin/java
01063000-01084000 rw-p 00000000 00:00 0                                  [heap]
6c7000000-6d1700000 rw-p 00000000 00:00 0 
6d1700000-76d000000 ---p 00000000 00:00 0 
76d000000-77e000000 rw-p 00000000 00:00 0 
78f200000-7c0000000 ---p 00000000 00:00 0 
7c0000000-7c00a0000 rw-p 00000000 00:00 0 
7c00a0000-800000000 ---p 00000000 00:00 0 
7f3f04000000-7f3f04021000 rw-p 00000000 00:00 0 
7f3f04021000-7f3f08000000 ---p 00000000 00:00 0 
7f3f08000000-7f3f08021000 rw-p 00000000 00:00 0 
7f3f08021000-7f3f0c000000 ---p 00000000 00:00 0 
7f3f0c000000-7f3f0c54c000 rw-p 00000000 00:00 0 
7f3f0c54c000-7f3f10000000 ---p 00000000 00:00 0 
7f3f10000000-7f3f10266000 rw-p 00000000 00:00 0 
7f3f10266000-7f3f14000000 ---p 00000000 00:00 0 
7f3f14000000-7f3f14021000 rw-p 00000000 00:00 0 
7f3f14021000-7f3f18000000 ---p 00000000 00:00 0 
7f3f18000000-7f3f183f6000 rw-p 00000000 00:00 0 
7f3f183f6000-7f3f1c000000 ---p 00000000 00:00 0 
7f3f1c000000-7f3f1c021000 rw-p 00000000 00:00 0 
7f3f1c021000-7f3f20000000 ---p 00000000 00:00 0 
7f3f20000000-7f3f20021000 rw-p 00000000 00:00 0 
7f3f20021000-7f3f24000000 ---p 00000000 00:00 0 
7f3f24000000-7f3f24021000 rw-p 00000000 00:00 0 
7f3f24021000-7f3f28000000 ---p 00000000 00:00 0 
7f3f28380000-7f3f30000000 rw-p 00000000 00:00 0 
7f3f30000000-7f3f30021000 rw-p 00000000 00:00 0 
7f3f30021000-7f3f34000000 ---p 00000000 00:00 0 
7f3f352ca000-7f3f352dd000 r--s 00346000 103:03 22809924                  /usr/lib/jvm/java-8-openjdk-amd64/jre/lib/resources.jar
7f3f352dd000-7f3f352f8000 r--s 001d6000 103:03 25700181                  /usr/lib/jvm/java-8-openjdk-amd64/jre/lib/ext/nashorn.jar
7f3f352f8000-7f3f352f9000 ---p 00000000 00:00 0 
7f3f352f9000-7f3f353f9000 rw-p 00000000 00:00 0 
7f3f353f9000-7f3f353fc000 ---p 00000000 00:00 0 
7f3f353fc000-7f3f354fa000 rw-p 00000000 00:00 0 
7f3f354fa000-7f3f354fd000 ---p 00000000 00:00 0 
7f3f354fd000-7f3f355fb000 rw-p 00000000 00:00 0 
7f3f355fb000-7f3f355fe000 ---p 00000000 00:00 0 
7f3f355fe000-7f3f356fc000 rw-p 00000000 00:00 0 
7f3f356fc000-7f3f356ff000 ---p 00000000 00:00 0 
7f3f356ff000-7f3f357fd000 rw-p 00000000 00:00 0 
7f3f357fd000-7f3f35800000 ---p 00000000 00:00 0 
7f3f35800000-7f3f358fe000 rw-p 00000000 00:00 0 
7f3f358fe000-7f3f35d55000 r--p 00000000 103:03 14160934                  /usr/lib/locale/locale-archive
7f3f35d55000-7f3f35d58000 ---p 00000000 00:00 0 
7f3f35d58000-7f3f35e56000 rw-p 00000000 00:00 0 
7f3f35e56000-7f3f35e59000 ---p 00000000 00:00 0 
7f3f35e59000-7f3f35f57000 rw-p 00000000 00:00 0 
7f3f35f57000-7f3f35f58000 ---p 00000000 00:00 0 
7f3f35f58000-7f3f37478000 rw-p 00000000 00:00 0 
7f3f37478000-7f3f37838000 ---p 00000000 00:00 0 
7f3f37838000-7f3f38000000 rw-p 00000000 00:00 0 
7f3f38000000-7f3f38021000 rw-p 00000000 00:00 0 
7f3f38021000-7f3f3c000000 ---p 00000000 00:00 0 
7f3f3c000000-7f3f3c021000 rw-p 00000000 00:00 0 
7f3f3c021000-7f3f40000000 ---p 00000000 00:00 0 
7f3f40000000-7f3f40021000 rw-p 00000000 00:00 0 
7f3f40021000-7f3f44000000 ---p 00000000 00:00 0 
7f3f4400d000-7f3f4400e000 r--s 00000000 103:03 22809728                  /usr/lib/jvm/java-8-openjdk-amd64/jre/lib/management-agent.jar
7f3f4400e000-7f3f44013000 r--s 0009a000 103:03 22809925                  /usr/lib/jvm/java-8-openjdk-amd64/jre/lib/jsse.jar
7f3f44013000-7f3f44016000 r--s 00015000 103:03 22810058                  /usr/lib/jvm/java-8-openjdk-amd64/jre/lib/jce.jar
7f3f44016000-7f3f44037000 rw-p 00000000 00:00 0 
7f3f44037000-7f3f44206000 r--s 03c07000 103:03 22809731                  /usr/lib/jvm/java-8-openjdk-amd64/jre/lib/rt.jar
7f3f44206000-7f3f44207000 ---p 00000000 00:00 0 
7f3f44207000-7f3f4435b000 rw-p 00000000 00:00 0 
7f3f4435b000-7f3f44837000 ---p 00000000 00:00 0 
7f3f44837000-7f3f4488b000 rw-p 00000000 00:00 0 
7f3f4488b000-7f3f44d67000 ---p 00000000 00:00 0 
7f3f44d67000-7f3f44def000 rw-p 00000000 00:00 0 
7f3f44def000-7f3f44fff000 ---p 00000000 00:00 0 
7f3f44fff000-7f3f45000000 rw-p 00000000 00:00 0 
7f3f45000000-7f3f45270000 rwxp 00000000 00:00 0 
7f3f45270000-7f3f54000000 ---p 00000000 00:00 0 
7f3f54000000-7f3f5420e000 rw-p 00000000 00:00 0 
7f3f5420e000-7f3f58000000 ---p 00000000 00:00 0 
7f3f58000000-7f3f58005000 r--s 002f9000 103:03 22809732                  /usr/lib/jvm/java-8-openjdk-amd64/jre/lib/charsets.jar
7f3f58005000-7f3f58020000 r--s 00394000 103:03 25700173                  /usr/lib/jvm/java-8-openjdk-amd64/jre/lib/ext/cldrdata.jar
7f3f58020000-7f3f58096000 rw-p 00000000 00:00 0 
7f3f58096000-7f3f58097000 ---p 00000000 00:00 0 
7f3f58097000-7f3f58197000 rw-p 00000000 00:00 0 
7f3f58197000-7f3f58198000 ---p 00000000 00:00 0 
7f3f58198000-7f3f58298000 rw-p 00000000 00:00 0 
7f3f58298000-7f3f58299000 ---p 00000000 00:00 0 
7f3f58299000-7f3f583a3000 rw-p 00000000 00:00 0 
7f3f583a3000-7f3f58759000 ---p 00000000 00:00 0 
7f3f58759000-7f3f58761000 r-xp 00000000 103:03 22945276                  /usr/lib/jvm/java-8-openjdk-amd64/jre/lib/amd64/libzip.so
7f3f58761000-7f3f58960000 ---p 00008000 103:03 22945276                  /usr/lib/jvm/java-8-openjdk-amd64/jre/lib/amd64/libzip.so
7f3f58960000-7f3f58961000 r--p 00007000 103:03 22945276                  /usr/lib/jvm/java-8-openjdk-amd64/jre/lib/amd64/libzip.so
7f3f58961000-7f3f58962000 rw-p 00008000 103:03 22945276                  /usr/lib/jvm/java-8-openjdk-amd64/jre/lib/amd64/libzip.so
7f3f58962000-7f3f5896d000 r-xp 00000000 103:03 20583067                  /lib/x86_64-linux-gnu/libnss_files-2.23.so
7f3f5896d000-7f3f58b6c000 ---p 0000b000 103:03 20583067                  /lib/x86_64-linux-gnu/libnss_files-2.23.so
7f3f58b6c000-7f3f58b6d000 r--p 0000a000 103:03 20583067                  /lib/x86_64-linux-gnu/libnss_files-2.23.so
7f3f58b6d000-7f3f58b6e000 rw-p 0000b000 103:03 20583067                  /lib/x86_64-linux-gnu/libnss_files-2.23.so
7f3f58b6e000-7f3f58b74000 rw-p 00000000 00:00 0 
7f3f58b74000-7f3f58b7f000 r-xp 00000000 103:03 20582933                  /lib/x86_64-linux-gnu/libnss_nis-2.23.so
7f3f58b7f000-7f3f58d7e000 ---p 0000b000 103:03 20582933                  /lib/x86_64-linux-gnu/libnss_nis-2.23.so
7f3f58d7e000-7f3f58d7f000 r--p 0000a000 103:03 20582933                  /lib/x86_64-linux-gnu/libnss_nis-2.23.so
7f3f58d7f000-7f3f58d80000 rw-p 0000b000 103:03 20582933                  /lib/x86_64-linux-gnu/libnss_nis-2.23.so
7f3f58d80000-7f3f58d96000 r-xp 00000000 103:03 20582943                  /lib/x86_64-linux-gnu/libnsl-2.23.so
7f3f58d96000-7f3f58f95000 ---p 00016000 103:03 20582943                  /lib/x86_64-linux-gnu/libnsl-2.23.so
7f3f58f95000-7f3f58f96000 r--p 00015000 103:03 20582943                  /lib/x86_64-linux-gnu/libnsl-2.23.so
7f3f58f96000-7f3f58f97000 rw-p 00016000 103:03 20582943                  /lib/x86_64-linux-gnu/libnsl-2.23.so
7f3f58f97000-7f3f58f99000 rw-p 00000000 00:00 0 
7f3f58f99000-7f3f58fa1000 r-xp 00000000 103:03 20583069                  /lib/x86_64-linux-gnu/libnss_compat-2.23.so
7f3f58fa1000-7f3f591a0000 ---p 00008000 103:03 20583069                  /lib/x86_64-linux-gnu/libnss_compat-2.23.so
7f3f591a0000-7f3f591a1000 r--p 00007000 103:03 20583069                  /lib/x86_64-linux-gnu/libnss_compat-2.23.so
7f3f591a1000-7f3f591a2000 rw-p 00008000 103:03 20583069                  /lib/x86_64-linux-gnu/libnss_compat-2.23.so
7f3f591a2000-7f3f591cf000 r-xp 00000000 103:03 22945271                  /usr/lib/jvm/java-8-openjdk-amd64/jre/lib/amd64/libjava.so
7f3f591cf000-7f3f593ce000 ---p 0002d000 103:03 22945271                  /usr/lib/jvm/java-8-openjdk-amd64/jre/lib/amd64/libjava.so
7f3f593ce000-7f3f593cf000 r--p 0002c000 103:03 22945271                  /usr/lib/jvm/java-8-openjdk-amd64/jre/lib/amd64/libjava.so
7f3f593cf000-7f3f593d1000 rw-p 0002d000 103:03 22945271                  /usr/lib/jvm/java-8-openjdk-amd64/jre/lib/amd64/libjava.so
7f3f593d1000-7f3f593e0000 r-xp 00000000 103:03 22945268                  /usr/lib/jvm/java-8-openjdk-amd64/jre/lib/amd64/libverify.so
7f3f593e0000-7f3f595df000 ---p 0000f000 103:03 22945268                  /usr/lib/jvm/java-8-openjdk-amd64/jre/lib/amd64/libverify.so
7f3f595df000-7f3f595e1000 r--p 0000e000 103:03 22945268                  /usr/lib/jvm/java-8-openjdk-amd64/jre/lib/amd64/libverify.so
7f3f595e1000-7f3f595e2000 rw-p 00010000 103:03 22945268                  /usr/lib/jvm/java-8-openjdk-amd64/jre/lib/amd64/libverify.so
7f3f595e2000-7f3f595e9000 r-xp 00000000 103:03 20583070                  /lib/x86_64-linux-gnu/librt-2.23.so
7f3f595e9000-7f3f597e8000 ---p 00007000 103:03 20583070                  /lib/x86_64-linux-gnu/librt-2.23.so
7f3f597e8000-7f3f597e9000 r--p 00006000 103:03 20583070                  /lib/x86_64-linux-gnu/librt-2.23.so
7f3f597e9000-7f3f597ea000 rw-p 00007000 103:03 20583070                  /lib/x86_64-linux-gnu/librt-2.23.so
7f3f597ea000-7f3f59800000 r-xp 00000000 103:03 20582797                  /lib/x86_64-linux-gnu/libgcc_s.so.1
7f3f59800000-7f3f599ff000 ---p 00016000 103:03 20582797                  /lib/x86_64-linux-gnu/libgcc_s.so.1
7f3f599ff000-7f3f59a00000 rw-p 00015000 103:03 20582797                  /lib/x86_64-linux-gnu/libgcc_s.so.1
7f3f59a00000-7f3f59b08000 r-xp 00000000 103:03 20582940                  /lib/x86_64-linux-gnu/libm-2.23.so
7f3f59b08000-7f3f59d07000 ---p 00108000 103:03 20582940                  /lib/x86_64-linux-gnu/libm-2.23.so
7f3f59d07000-7f3f59d08000 r--p 00107000 103:03 20582940                  /lib/x86_64-linux-gnu/libm-2.23.so
7f3f59d08000-7f3f59d09000 rw-p 00108000 103:03 20582940                  /lib/x86_64-linux-gnu/libm-2.23.so
7f3f59d09000-7f3f59e7b000 r-xp 00000000 103:03 14158083                  /usr/lib/x86_64-linux-gnu/libstdc++.so.6.0.21
7f3f59e7b000-7f3f5a07b000 ---p 00172000 103:03 14158083                  /usr/lib/x86_64-linux-gnu/libstdc++.so.6.0.21
7f3f5a07b000-7f3f5a085000 r--p 00172000 103:03 14158083                  /usr/lib/x86_64-linux-gnu/libstdc++.so.6.0.21
7f3f5a085000-7f3f5a087000 rw-p 0017c000 103:03 14158083                  /usr/lib/x86_64-linux-gnu/libstdc++.so.6.0.21
7f3f5a087000-7f3f5a08b000 rw-p 00000000 00:00 0 
7f3f5a08b000-7f3f5acdc000 r-xp 00000000 103:03 24652322                  /usr/lib/jvm/java-8-openjdk-amd64/jre/lib/amd64/server/libjvm.so
7f3f5acdc000-7f3f5aedc000 ---p 00c51000 103:03 24652322                  /usr/lib/jvm/java-8-openjdk-amd64/jre/lib/amd64/server/libjvm.so
7f3f5aedc000-7f3f5af6f000 r--p 00c51000 103:03 24652322                  /usr/lib/jvm/java-8-openjdk-amd64/jre/lib/amd64/server/libjvm.so
7f3f5af6f000-7f3f5af98000 rw-p 00ce4000 103:03 24652322                  /usr/lib/jvm/java-8-openjdk-amd64/jre/lib/amd64/server/libjvm.so
7f3f5af98000-7f3f5afc8000 rw-p 00000000 00:00 0 
7f3f5afc8000-7f3f5afe0000 r-xp 00000000 103:03 20583074                  /lib/x86_64-linux-gnu/libpthread-2.23.so
7f3f5afe0000-7f3f5b1df000 ---p 00018000 103:03 20583074                  /lib/x86_64-linux-gnu/libpthread-2.23.so
7f3f5b1df000-7f3f5b1e0000 r--p 00017000 103:03 20583074                  /lib/x86_64-linux-gnu/libpthread-2.23.so
7f3f5b1e0000-7f3f5b1e1000 rw-p 00018000 103:03 20583074                  /lib/x86_64-linux-gnu/libpthread-2.23.so
7f3f5b1e1000-7f3f5b1e5000 rw-p 00000000 00:00 0 
7f3f5b1e5000-7f3f5b1e8000 r-xp 00000000 103:03 20582927                  /lib/x86_64-linux-gnu/libdl-2.23.so
7f3f5b1e8000-7f3f5b3e7000 ---p 00003000 103:03 20582927                  /lib/x86_64-linux-gnu/libdl-2.23.so
7f3f5b3e7000-7f3f5b3e8000 r--p 00002000 103:03 20582927                  /lib/x86_64-linux-gnu/libdl-2.23.so
7f3f5b3e8000-7f3f5b3e9000 rw-p 00003000 103:03 20582927                  /lib/x86_64-linux-gnu/libdl-2.23.so
7f3f5b3e9000-7f3f5b402000 r-xp 00000000 103:03 20582950                  /lib/x86_64-linux-gnu/libz.so.1.2.8
7f3f5b402000-7f3f5b601000 ---p 00019000 103:03 20582950                  /lib/x86_64-linux-gnu/libz.so.1.2.8
7f3f5b601000-7f3f5b602000 r--p 00018000 103:03 20582950                  /lib/x86_64-linux-gnu/libz.so.1.2.8
7f3f5b602000-7f3f5b603000 rw-p 00019000 103:03 20582950                  /lib/x86_64-linux-gnu/libz.so.1.2.8
7f3f5b603000-7f3f5b7c2000 r-xp 00000000 103:03 20583063                  /lib/x86_64-linux-gnu/libc-2.23.so
7f3f5b7c2000-7f3f5b9c2000 ---p 001bf000 103:03 20583063                  /lib/x86_64-linux-gnu/libc-2.23.so
7f3f5b9c2000-7f3f5b9c6000 r--p 001bf000 103:03 20583063                  /lib/x86_64-linux-gnu/libc-2.23.so
7f3f5b9c6000-7f3f5b9c8000 rw-p 001c3000 103:03 20583063                  /lib/x86_64-linux-gnu/libc-2.23.so
7f3f5b9c8000-7f3f5b9cc000 rw-p 00000000 00:00 0 
7f3f5b9cc000-7f3f5b9d9000 r-xp 00000000 103:03 24522210                  /usr/lib/jvm/java-8-openjdk-amd64/jre/lib/amd64/jli/libjli.so
7f3f5b9d9000-7f3f5bbd9000 ---p 0000d000 103:03 24522210                  /usr/lib/jvm/java-8-openjdk-amd64/jre/lib/amd64/jli/libjli.so
7f3f5bbd9000-7f3f5bbda000 r--p 0000d000 103:03 24522210                  /usr/lib/jvm/java-8-openjdk-amd64/jre/lib/amd64/jli/libjli.so
7f3f5bbda000-7f3f5bbdb000 rw-p 0000e000 103:03 24522210                  /usr/lib/jvm/java-8-openjdk-amd64/jre/lib/amd64/jli/libjli.so
7f3f5bbdb000-7f3f5bc01000 r-xp 00000000 103:03 20583064                  /lib/x86_64-linux-gnu/ld-2.23.so
7f3f5bc01000-7f3f5bc03000 r--s 00001000 103:03 25700164                  /usr/lib/jvm/java-8-openjdk-amd64/jre/lib/ext/dnsns.jar
7f3f5bc03000-7f3f5bcd4000 rw-p 00000000 00:00 0 
7f3f5bcd4000-7f3f5bcd7000 ---p 00000000 00:00 0 
7f3f5bcd7000-7f3f5bdda000 rw-p 00000000 00:00 0 
7f3f5bdda000-7f3f5bddb000 r--s 0000a000 103:03 25700165                  /usr/lib/jvm/java-8-openjdk-amd64/jre/lib/ext/jaccess.jar
7f3f5bddb000-7f3f5bddc000 r--s 00010000 103:03 25700167                  /usr/lib/jvm/java-8-openjdk-amd64/jre/lib/ext/zipfs.jar
7f3f5bddc000-7f3f5bde6000 r--s 00116000 103:03 25700180                  /usr/lib/jvm/java-8-openjdk-amd64/jre/lib/ext/localedata.jar
7f3f5bde6000-7f3f5bde8000 r--s 00008000 103:03 25700168                  /usr/lib/jvm/java-8-openjdk-amd64/jre/lib/ext/sunec.jar
7f3f5bde8000-7f3f5bded000 r--s 0003b000 103:03 25700169                  /usr/lib/jvm/java-8-openjdk-amd64/jre/lib/ext/sunjce_provider.jar
7f3f5bded000-7f3f5bdf1000 r--s 00037000 103:03 25700166                  /usr/lib/jvm/java-8-openjdk-amd64/jre/lib/ext/sunpkcs11.jar
7f3f5bdf1000-7f3f5bdf4000 r--s 0000f000 103:03 25700170                  /usr/lib/jvm/java-8-openjdk-amd64/jre/lib/ext/icedtea-sound.jar
7f3f5bdf4000-7f3f5bdfc000 rw-s 00000000 103:03 25830401                  /tmp/hsperfdata_torjus/22339
7f3f5bdfc000-7f3f5bdfd000 rw-p 00000000 00:00 0 
7f3f5bdfd000-7f3f5bdfe000 ---p 00000000 00:00 0 
7f3f5bdfe000-7f3f5be00000 rw-p 00000000 00:00 0 
7f3f5be00000-7f3f5be01000 r--p 00025000 103:03 20583064                  /lib/x86_64-linux-gnu/ld-2.23.so
7f3f5be01000-7f3f5be02000 rw-p 00026000 103:03 20583064                  /lib/x86_64-linux-gnu/ld-2.23.so
7f3f5be02000-7f3f5be03000 rw-p 00000000 00:00 0 
7ffcc9de3000-7ffcc9e04000 rw-p 00000000 00:00 0                          [stack]
7ffcc9e8e000-7ffcc9e90000 r--p 00000000 00:00 0                          [vvar]
7ffcc9e90000-7ffcc9e92000 r-xp 00000000 00:00 0                          [vdso]
ffffffffff600000-ffffffffff601000 r-xp 00000000 00:00 0                  [vsyscall]

VM Arguments:
jvm_args: -Dvisualvm.id=631260389100110 -Dfile.encoding=UTF-8 
java_command: Main
java_class_path (initial): /usr/lib/jvm/default-java/jre/lib/charsets.jar:/usr/lib/jvm/default-java/jre/lib/ext/cldrdata.jar:/usr/lib/jvm/default-java/jre/lib/ext/dnsns.jar:/usr/lib/jvm/default-java/jre/lib/ext/icedtea-sound.jar:/usr/lib/jvm/default-java/jre/lib/ext/jaccess.jar:/usr/lib/jvm/default-java/jre/lib/ext/localedata.jar:/usr/lib/jvm/default-java/jre/lib/ext/nashorn.jar:/usr/lib/jvm/default-java/jre/lib/ext/sunec.jar:/usr/lib/jvm/default-java/jre/lib/ext/sunjce_provider.jar:/usr/lib/jvm/default-java/jre/lib/ext/sunpkcs11.jar:/usr/lib/jvm/default-java/jre/lib/ext/zipfs.jar:/usr/lib/jvm/default-java/jre/lib/jce.jar:/usr/lib/jvm/default-java/jre/lib/jsse.jar:/usr/lib/jvm/default-java/jre/lib/management-agent.jar:/usr/lib/jvm/default-java/jre/lib/resources.jar:/usr/lib/jvm/default-java/jre/lib/rt.jar:/home/torjus/IdeaProjects/Kociemba/out/production/Kociemba
Launcher Type: SUN_STANDARD

Environment Variables:
PATH=/home/torjus/bin:/usr/local/sbin:/usr/local/bin:/usr/sbin:/usr/bin:/sbin:/bin:/usr/games:/usr/local/games:/snap/bin
LD_LIBRARY_PATH=/home/torjus/Downloads/idea-IU-163.10154.41/bin:/home/torjus/Downloads/idea-IU-163.10154.41/bin:
SHELL=/bin/bash
DISPLAY=:0

Signal Handlers:
SIGSEGV: [libjvm.so+0xa67f40], sa_mask[0]=11111111011111111101111111111110, sa_flags=SA_RESTART|SA_SIGINFO
SIGBUS: [libjvm.so+0xa67f40], sa_mask[0]=11111111011111111101111111111110, sa_flags=SA_RESTART|SA_SIGINFO
SIGFPE: [libjvm.so+0x8b0ec0], sa_mask[0]=11111111011111111101111111111110, sa_flags=SA_RESTART|SA_SIGINFO
SIGPIPE: [libjvm.so+0x8b0ec0], sa_mask[0]=11111111011111111101111111111110, sa_flags=SA_RESTART|SA_SIGINFO
SIGXFSZ: [libjvm.so+0x8b0ec0], sa_mask[0]=11111111011111111101111111111110, sa_flags=SA_RESTART|SA_SIGINFO
SIGILL: [libjvm.so+0x8b0ec0], sa_mask[0]=11111111011111111101111111111110, sa_flags=SA_RESTART|SA_SIGINFO
SIGUSR1: SIG_DFL, sa_mask[0]=00000000000000000000000000000000, sa_flags=none
SIGUSR2: [libjvm.so+0x8b0d70], sa_mask[0]=00100000000000000000000000000000, sa_flags=SA_RESTART|SA_SIGINFO
SIGHUP: SIG_IGN, sa_mask[0]=00000000000000000000000000000000, sa_flags=none
SIGINT: [libjvm.so+0x8b1240], sa_mask[0]=11111111011111111101111111111110, sa_flags=SA_RESTART|SA_SIGINFO
SIGTERM: [libjvm.so+0x8b1240], sa_mask[0]=11111111011111111101111111111110, sa_flags=SA_RESTART|SA_SIGINFO
SIGQUIT: [libjvm.so+0x8b1240], sa_mask[0]=11111111011111111101111111111110, sa_flags=SA_RESTART|SA_SIGINFO


---------------  S Y S T E M  ---------------

OS:DISTRIB_ID=Ubuntu
DISTRIB_RELEASE=16.04
DISTRIB_CODENAME=xenial
DISTRIB_DESCRIPTION="Ubuntu 16.04.2 LTS"

uname:Linux 4.4.0-72-generic #93-Ubuntu SMP Fri Mar 31 14:07:41 UTC 2017 x86_64
libc:glibc 2.23 NPTL 2.23 
rlimit: STACK 8192k, CORE 0k, NPROC 62474, NOFILE 65536, AS infinity
load average:3,80 4,02 9,82

/proc/meminfo:
MemTotal:       16311360 kB
MemFree:          148768 kB
MemAvailable:      52072 kB
Buffers:            2952 kB
Cached:           611192 kB
SwapCached:       124528 kB
Active:          8949072 kB
Inactive:        1451764 kB
Active(anon):    8916176 kB
Inactive(anon):  1429220 kB
Active(file):      32896 kB
Inactive(file):    22544 kB
Unevictable:         128 kB
Mlocked:             128 kB
SwapTotal:      33310716 kB
SwapFree:              0 kB
Dirty:              1744 kB
Writeback:             0 kB
AnonPages:       9668112 kB
Mapped:           286500 kB
Shmem:            558332 kB
Slab:            5379708 kB
SReclaimable:      97932 kB
SUnreclaim:      5281776 kB
KernelStack:       58736 kB
PageTables:       193572 kB
NFS_Unstable:          0 kB
Bounce:                0 kB
WritebackTmp:          0 kB
CommitLimit:    41466396 kB
Committed_AS:   115045652 kB
VmallocTotal:   34359738367 kB
VmallocUsed:           0 kB
VmallocChunk:          0 kB
HardwareCorrupted:     0 kB
AnonHugePages:   1902592 kB
CmaTotal:              0 kB
CmaFree:               0 kB
HugePages_Total:       0
HugePages_Free:        0
HugePages_Rsvd:        0
HugePages_Surp:        0
Hugepagesize:       2048 kB
DirectMap4k:     3585604 kB
DirectMap2M:    13070336 kB
DirectMap1G:           0 kB


CPU:total 4 (initial active 4) (2 cores per cpu, 2 threads per core) family 6 model 142 stepping 9, cmov, cx8, fxsr, mmx, sse, sse2, sse3, ssse3, sse4.1, sse4.2, popcnt, avx, avx2, aes, clmul, erms, 3dnowpref, lzcnt, ht, tsc, tscinvbit, bmi1, bmi2, adx

/proc/cpuinfo:
processor	: 0
vendor_id	: GenuineIntel
cpu family	: 6
model		: 142
model name	: Intel(R) Core(TM) i7-7500U CPU @ 2.70GHz
stepping	: 9
microcode	: 0x42
cpu MHz		: 2701.000
cache size	: 4096 KB
physical id	: 0
siblings	: 4
core id		: 0
cpu cores	: 2
apicid		: 0
initial apicid	: 0
fpu		: yes
fpu_exception	: yes
cpuid level	: 22
wp		: yes
flags		: fpu vme de pse tsc msr pae mce cx8 apic sep mtrr pge mca cmov pat pse36 clflush dts acpi mmx fxsr sse sse2 ss ht tm pbe syscall nx pdpe1gb rdtscp lm constant_tsc art arch_perfmon pebs bts rep_good nopl xtopology nonstop_tsc aperfmperf eagerfpu pni pclmulqdq dtes64 monitor ds_cpl vmx est tm2 ssse3 sdbg fma cx16 xtpr pdcm pcid sse4_1 sse4_2 x2apic movbe popcnt tsc_deadline_timer aes xsave avx f16c rdrand lahf_lm abm 3dnowprefetch epb intel_pt tpr_shadow vnmi flexpriority ept vpid fsgsbase tsc_adjust bmi1 avx2 smep bmi2 erms invpcid mpx rdseed adx smap clflushopt xsaveopt xsavec xgetbv1 dtherm ida arat pln pts hwp hwp_notify hwp_act_window hwp_epp
bugs		:
bogomips	: 5807.76
clflush size	: 64
cache_alignment	: 64
address sizes	: 39 bits physical, 48 bits virtual
power management:

processor	: 1
vendor_id	: GenuineIntel
cpu family	: 6
model		: 142
model name	: Intel(R) Core(TM) i7-7500U CPU @ 2.70GHz
stepping	: 9
microcode	: 0x42
cpu MHz		: 2701.000
cache size	: 4096 KB
physical id	: 0
siblings	: 4
core id		: 1
cpu cores	: 2
apicid		: 2
initial apicid	: 2
fpu		: yes
fpu_exception	: yes
cpuid level	: 22
wp		: yes
flags		: fpu vme de pse tsc msr pae mce cx8 apic sep mtrr pge mca cmov pat pse36 clflush dts acpi mmx fxsr sse sse2 ss ht tm pbe syscall nx pdpe1gb rdtscp lm constant_tsc art arch_perfmon pebs bts rep_good nopl xtopology nonstop_tsc aperfmperf eagerfpu pni pclmulqdq dtes64 monitor ds_cpl vmx est tm2 ssse3 sdbg fma cx16 xtpr pdcm pcid sse4_1 sse4_2 x2apic movbe popcnt tsc_deadline_timer aes xsave avx f16c rdrand lahf_lm abm 3dnowprefetch epb intel_pt tpr_shadow vnmi flexpriority ept vpid fsgsbase tsc_adjust bmi1 avx2 smep bmi2 erms invpcid mpx rdseed adx smap clflushopt xsaveopt xsavec xgetbv1 dtherm ida arat pln pts hwp hwp_notify hwp_act_window hwp_epp
bugs		:
bogomips	: 5807.76
clflush size	: 64
cache_alignment	: 64
address sizes	: 39 bits physical, 48 bits virtual
power management:

processor	: 2
vendor_id	: GenuineIntel
cpu family	: 6
model		: 142
model name	: Intel(R) Core(TM) i7-7500U CPU @ 2.70GHz
stepping	: 9
microcode	: 0x42
cpu MHz		: 2701.000
cache size	: 4096 KB
physical id	: 0
siblings	: 4
core id		: 0
cpu cores	: 2
apicid		: 1
initial apicid	: 1
fpu		: yes
fpu_exception	: yes
cpuid level	: 22
wp		: yes
flags		: fpu vme de pse tsc msr pae mce cx8 apic sep mtrr pge mca cmov pat pse36 clflush dts acpi mmx fxsr sse sse2 ss ht tm pbe syscall nx pdpe1gb rdtscp lm constant_tsc art arch_perfmon pebs bts rep_good nopl xtopology nonstop_tsc aperfmperf eagerfpu pni pclmulqdq dtes64 monitor ds_cpl vmx est tm2 ssse3 sdbg fma cx16 xtpr pdcm pcid sse4_1 sse4_2 x2apic movbe popcnt tsc_deadline_timer aes xsave avx f16c rdrand lahf_lm abm 3dnowprefetch epb intel_pt tpr_shadow vnmi flexpriority ept vpid fsgsbase tsc_adjust bmi1 avx2 smep bmi2 erms invpcid mpx rdseed adx smap clflushopt xsaveopt xsavec xgetbv1 dtherm ida arat pln pts hwp hwp_notify hwp_act_window hwp_epp
bugs		:
bogomips	: 5807.76
clflush size	: 64
cache_alignment	: 64
address sizes	: 39 bits physical, 48 bits virtual
power management:

processor	: 3
vendor_id	: GenuineIntel
cpu family	: 6
model		: 142
model name	: Intel(R) Core(TM) i7-7500U CPU @ 2.70GHz
stepping	: 9
microcode	: 0x42
cpu MHz		: 2701.000
cache size	: 4096 KB
physical id	: 0
siblings	: 4
core id		: 1
cpu cores	: 2
apicid		: 3
initial apicid	: 3
fpu		: yes
fpu_exception	: yes
cpuid level	: 22
wp		: yes
flags		: fpu vme de pse tsc msr pae mce cx8 apic sep mtrr pge mca cmov pat pse36 clflush dts acpi mmx fxsr sse sse2 ss ht tm pbe syscall nx pdpe1gb rdtscp lm constant_tsc art arch_perfmon pebs bts rep_good nopl xtopology nonstop_tsc aperfmperf eagerfpu pni pclmulqdq dtes64 monitor ds_cpl vmx est tm2 ssse3 sdbg fma cx16 xtpr pdcm pcid sse4_1 sse4_2 x2apic movbe popcnt tsc_deadline_timer aes xsave avx f16c rdrand lahf_lm abm 3dnowprefetch epb intel_pt tpr_shadow vnmi flexpriority ept vpid fsgsbase tsc_adjust bmi1 avx2 smep bmi2 erms invpcid mpx rdseed adx smap clflushopt xsaveopt xsavec xgetbv1 dtherm ida arat pln pts hwp hwp_notify hwp_act_window hwp_epp
bugs		:
bogomips	: 5807.76
clflush size	: 64
cache_alignment	: 64
address sizes	: 39 bits physical, 48 bits virtual
power management:



Memory: 4k page, physical 16311360k(148468k free), swap 33310716k(0k free)

vm_info: OpenJDK 64-Bit Server VM (25.131-b11) for linux-amd64 JRE (1.8.0_131-8u131-b11-0ubuntu1.16.04.2-b11), built on May  6 2017 02:45:27 by "buildd" with gcc 5.4.0 20160609

time: Sun May 14 18:55:20 2017
elapsed time: 3 seconds (0d 0h 0m 3s)

